<?xml version="1.0" encoding="UTF-8"?>
<!-- Generated by org.testng.reporters.JUnitReportReporter -->
<testsuite hostname="DESKTOP-JBH76SP" failures="0" tests="1" name="testRunner.HomeDepotTestRunner" time="0.168" errors="0" timestamp="2022-04-29T01:15:41 EDT" skipped="0">
  <testcase classname="testRunner.HomeDepotTestRunner" name="runScenario" time="0.168"/>
  <system-out/>
</testsuite> <!-- testRunner.HomeDepotTestRunner -->
